2023-01-03 11:15:32,411 [INFO] Activator:179 - 


2023-01-03 11:15:32,413 [INFO] Activator:180 - !SESSION log4j initialized
2023-01-03 11:33:18,895 [INFO] Activator:179 - 


2023-01-03 11:33:18,898 [INFO] Activator:180 - !SESSION log4j initialized
2023-01-03 11:33:45,053 [ERROR] LogOutputStream:74 - [STDERR_REDIRECT] SLF4J: Failed to load class "org.slf4j.impl.StaticLoggerBinder".
2023-01-03 11:33:45,054 [ERROR] LogOutputStream:74 - [STDERR_REDIRECT] SLF4J: Defaulting to no-operation (NOP) logger implementation
2023-01-03 11:33:45,056 [ERROR] LogOutputStream:74 - [STDERR_REDIRECT] SLF4J: See http://www.slf4j.org/codes.html#StaticLoggerBinder for further details.
2023-01-03 11:40:53,479 [ERROR] LogOutputStream:74 - [STDERR_REDIRECT] java.lang.StringIndexOutOfBoundsException: begin 0, end -1, length 0
2023-01-03 11:40:53,481 [ERROR] LogOutputStream:74 - [STDERR_REDIRECT] 	at java.base/java.lang.String.checkBoundsBeginEnd(String.java:3319)
2023-01-03 11:40:53,483 [ERROR] LogOutputStream:74 - [STDERR_REDIRECT] 	at java.base/java.lang.String.substring(String.java:1874)
2023-01-03 11:40:53,485 [ERROR] LogOutputStream:74 - [STDERR_REDIRECT] 	at com.st.stm32cube.ide.mcu.utils.assembly.InstructionRecord.calcJumpInstructionDirect(InstructionRecord.java:201)
2023-01-03 11:40:53,487 [ERROR] LogOutputStream:74 - [STDERR_REDIRECT] 	at com.st.stm32cube.ide.mcu.utils.assembly.InstructionRecord.isJumpInstructionDirect(InstructionRecord.java:159)
2023-01-03 11:40:53,489 [ERROR] LogOutputStream:74 - [STDERR_REDIRECT] 	at com.st.stm32cube.ide.mcu.stackanalyzer.model.CallGraph.fromInstructions(CallGraph.java:65)
2023-01-03 11:40:53,491 [ERROR] LogOutputStream:74 - [STDERR_REDIRECT] 	at com.st.stm32cube.ide.mcu.stackanalyzer.ui.StackAnalyzerView.inputChanged(StackAnalyzerView.java:927)
2023-01-03 11:40:53,492 [ERROR] LogOutputStream:74 - [STDERR_REDIRECT] 	at com.st.stm32cube.ide.mcu.stackanalyzer.ui.StackAnalyzerView.lambda$14(StackAnalyzerView.java:1218)
2023-01-03 11:40:53,493 [ERROR] LogOutputStream:74 - [STDERR_REDIRECT] 	at java.base/java.lang.Thread.run(Thread.java:829)
2023-01-03 11:40:53,495 [ERROR] LogOutputStream:74 - [STDERR_REDIRECT] java.lang.StringIndexOutOfBoundsException: begin 0, end -1, length 0
2023-01-03 11:40:53,496 [ERROR] LogOutputStream:74 - [STDERR_REDIRECT] 	at java.base/java.lang.String.checkBoundsBeginEnd(String.java:3319)
2023-01-03 11:40:53,497 [ERROR] LogOutputStream:74 - [STDERR_REDIRECT] 	at java.base/java.lang.String.substring(String.java:1874)
2023-01-03 11:40:53,499 [ERROR] LogOutputStream:74 - [STDERR_REDIRECT] 	at com.st.stm32cube.ide.mcu.utils.assembly.InstructionRecord.calcJumpInstructionDirect(InstructionRecord.java:201)
2023-01-03 11:40:53,501 [ERROR] LogOutputStream:74 - [STDERR_REDIRECT] 	at com.st.stm32cube.ide.mcu.utils.assembly.InstructionRecord.isJumpInstructionDirect(InstructionRecord.java:159)
2023-01-03 11:40:53,502 [ERROR] LogOutputStream:74 - [STDERR_REDIRECT] 	at com.st.stm32cube.ide.mcu.stackanalyzer.model.CallGraph.fromInstructions(CallGraph.java:65)
2023-01-03 11:40:53,504 [ERROR] LogOutputStream:74 - [STDERR_REDIRECT] 	at com.st.stm32cube.ide.mcu.stackanalyzer.ui.StackAnalyzerView.inputChanged(StackAnalyzerView.java:927)
2023-01-03 11:40:53,507 [ERROR] LogOutputStream:74 - [STDERR_REDIRECT] 	at com.st.stm32cube.ide.mcu.stackanalyzer.ui.StackAnalyzerView.lambda$14(StackAnalyzerView.java:1218)
2023-01-03 11:40:53,508 [ERROR] LogOutputStream:74 - [STDERR_REDIRECT] 	at java.base/java.lang.Thread.run(Thread.java:829)
2023-01-03 11:40:53,511 [ERROR] LogOutputStream:74 - [STDERR_REDIRECT] java.lang.StringIndexOutOfBoundsException: begin 0, end -1, length 0
2023-01-03 11:40:53,513 [ERROR] LogOutputStream:74 - [STDERR_REDIRECT] 	at java.base/java.lang.String.checkBoundsBeginEnd(String.java:3319)
2023-01-03 11:40:53,515 [ERROR] LogOutputStream:74 - [STDERR_REDIRECT] 	at java.base/java.lang.String.substring(String.java:1874)
2023-01-03 11:40:53,518 [ERROR] LogOutputStream:74 - [STDERR_REDIRECT] 	at com.st.stm32cube.ide.mcu.utils.assembly.InstructionRecord.calcJumpInstructionDirect(InstructionRecord.java:201)
2023-01-03 11:40:53,521 [ERROR] LogOutputStream:74 - [STDERR_REDIRECT] 	at com.st.stm32cube.ide.mcu.utils.assembly.InstructionRecord.isJumpInstructionDirect(InstructionRecord.java:159)
2023-01-03 11:40:53,523 [ERROR] LogOutputStream:74 - [STDERR_REDIRECT] 	at com.st.stm32cube.ide.mcu.stackanalyzer.model.CallGraph.fromInstructions(CallGraph.java:65)
2023-01-03 11:40:53,526 [ERROR] LogOutputStream:74 - [STDERR_REDIRECT] 	at com.st.stm32cube.ide.mcu.stackanalyzer.ui.StackAnalyzerView.inputChanged(StackAnalyzerView.java:927)
2023-01-03 11:40:53,528 [ERROR] LogOutputStream:74 - [STDERR_REDIRECT] 	at com.st.stm32cube.ide.mcu.stackanalyzer.ui.StackAnalyzerView.lambda$14(StackAnalyzerView.java:1218)
2023-01-03 11:40:53,529 [ERROR] LogOutputStream:74 - [STDERR_REDIRECT] 	at java.base/java.lang.Thread.run(Thread.java:829)
2023-01-03 11:40:53,530 [ERROR] LogOutputStream:74 - [STDERR_REDIRECT] java.lang.StringIndexOutOfBoundsException: begin 0, end -1, length 0
2023-01-03 11:40:53,531 [ERROR] LogOutputStream:74 - [STDERR_REDIRECT] 	at java.base/java.lang.String.checkBoundsBeginEnd(String.java:3319)
2023-01-03 11:40:53,532 [ERROR] LogOutputStream:74 - [STDERR_REDIRECT] 	at java.base/java.lang.String.substring(String.java:1874)
2023-01-03 11:40:53,534 [ERROR] LogOutputStream:74 - [STDERR_REDIRECT] 	at com.st.stm32cube.ide.mcu.utils.assembly.InstructionRecord.calcJumpInstructionDirect(InstructionRecord.java:201)
2023-01-03 11:40:53,535 [ERROR] LogOutputStream:74 - [STDERR_REDIRECT] 	at com.st.stm32cube.ide.mcu.utils.assembly.InstructionRecord.isJumpInstructionDirect(InstructionRecord.java:159)
2023-01-03 11:40:53,537 [ERROR] LogOutputStream:74 - [STDERR_REDIRECT] 	at com.st.stm32cube.ide.mcu.stackanalyzer.model.CallGraph.fromInstructions(CallGraph.java:65)
2023-01-03 11:40:53,538 [ERROR] LogOutputStream:74 - [STDERR_REDIRECT] 	at com.st.stm32cube.ide.mcu.stackanalyzer.ui.StackAnalyzerView.inputChanged(StackAnalyzerView.java:927)
2023-01-03 11:40:53,540 [ERROR] LogOutputStream:74 - [STDERR_REDIRECT] 	at com.st.stm32cube.ide.mcu.stackanalyzer.ui.StackAnalyzerView.lambda$14(StackAnalyzerView.java:1218)
2023-01-03 11:40:53,541 [ERROR] LogOutputStream:74 - [STDERR_REDIRECT] 	at java.base/java.lang.Thread.run(Thread.java:829)
2023-01-03 11:41:17,042 [ERROR] LogOutputStream:74 - [STDERR_REDIRECT] java.lang.StringIndexOutOfBoundsException: begin 0, end -1, length 0
2023-01-03 11:41:17,044 [ERROR] LogOutputStream:74 - [STDERR_REDIRECT] 	at java.base/java.lang.String.checkBoundsBeginEnd(String.java:3319)
2023-01-03 11:41:17,045 [ERROR] LogOutputStream:74 - [STDERR_REDIRECT] 	at java.base/java.lang.String.substring(String.java:1874)
2023-01-03 11:41:17,047 [ERROR] LogOutputStream:74 - [STDERR_REDIRECT] 	at com.st.stm32cube.ide.mcu.utils.assembly.InstructionRecord.calcJumpInstructionDirect(InstructionRecord.java:201)
2023-01-03 11:41:17,048 [ERROR] LogOutputStream:74 - [STDERR_REDIRECT] 	at com.st.stm32cube.ide.mcu.utils.assembly.InstructionRecord.isJumpInstructionDirect(InstructionRecord.java:159)
2023-01-03 11:41:17,050 [ERROR] LogOutputStream:74 - [STDERR_REDIRECT] 	at com.st.stm32cube.ide.mcu.stackanalyzer.model.CallGraph.fromInstructions(CallGraph.java:65)
2023-01-03 11:41:17,051 [ERROR] LogOutputStream:74 - [STDERR_REDIRECT] 	at com.st.stm32cube.ide.mcu.stackanalyzer.ui.StackAnalyzerView.inputChanged(StackAnalyzerView.java:927)
2023-01-03 11:41:17,053 [ERROR] LogOutputStream:74 - [STDERR_REDIRECT] 	at com.st.stm32cube.ide.mcu.stackanalyzer.ui.StackAnalyzerView.lambda$16(StackAnalyzerView.java:1283)
2023-01-03 11:41:17,054 [ERROR] LogOutputStream:74 - [STDERR_REDIRECT] 	at java.base/java.lang.Thread.run(Thread.java:829)
2023-01-03 11:41:17,055 [ERROR] LogOutputStream:74 - [STDERR_REDIRECT] java.lang.StringIndexOutOfBoundsException: begin 0, end -1, length 0
2023-01-03 11:41:17,056 [ERROR] LogOutputStream:74 - [STDERR_REDIRECT] 	at java.base/java.lang.String.checkBoundsBeginEnd(String.java:3319)
2023-01-03 11:41:17,058 [ERROR] LogOutputStream:74 - [STDERR_REDIRECT] 	at java.base/java.lang.String.substring(String.java:1874)
2023-01-03 11:41:17,060 [ERROR] LogOutputStream:74 - [STDERR_REDIRECT] 	at com.st.stm32cube.ide.mcu.utils.assembly.InstructionRecord.calcJumpInstructionDirect(InstructionRecord.java:201)
2023-01-03 11:41:17,062 [ERROR] LogOutputStream:74 - [STDERR_REDIRECT] 	at com.st.stm32cube.ide.mcu.utils.assembly.InstructionRecord.isJumpInstructionDirect(InstructionRecord.java:159)
2023-01-03 11:41:17,063 [ERROR] LogOutputStream:74 - [STDERR_REDIRECT] 	at com.st.stm32cube.ide.mcu.stackanalyzer.model.CallGraph.fromInstructions(CallGraph.java:65)
2023-01-03 11:41:17,065 [ERROR] LogOutputStream:74 - [STDERR_REDIRECT] 	at com.st.stm32cube.ide.mcu.stackanalyzer.ui.StackAnalyzerView.inputChanged(StackAnalyzerView.java:927)
2023-01-03 11:41:17,067 [ERROR] LogOutputStream:74 - [STDERR_REDIRECT] 	at com.st.stm32cube.ide.mcu.stackanalyzer.ui.StackAnalyzerView.lambda$16(StackAnalyzerView.java:1283)
2023-01-03 11:41:17,067 [ERROR] LogOutputStream:74 - [STDERR_REDIRECT] 	at java.base/java.lang.Thread.run(Thread.java:829)
2023-01-03 11:41:17,069 [ERROR] LogOutputStream:74 - [STDERR_REDIRECT] java.lang.StringIndexOutOfBoundsException: begin 0, end -1, length 0
2023-01-03 11:41:17,071 [ERROR] LogOutputStream:74 - [STDERR_REDIRECT] 	at java.base/java.lang.String.checkBoundsBeginEnd(String.java:3319)
2023-01-03 11:41:17,072 [ERROR] LogOutputStream:74 - [STDERR_REDIRECT] 	at java.base/java.lang.String.substring(String.java:1874)
2023-01-03 11:41:17,073 [ERROR] LogOutputStream:74 - [STDERR_REDIRECT] 	at com.st.stm32cube.ide.mcu.utils.assembly.InstructionRecord.calcJumpInstructionDirect(InstructionRecord.java:201)
2023-01-03 11:41:17,075 [ERROR] LogOutputStream:74 - [STDERR_REDIRECT] 	at com.st.stm32cube.ide.mcu.utils.assembly.InstructionRecord.isJumpInstructionDirect(InstructionRecord.java:159)
2023-01-03 11:41:17,076 [ERROR] LogOutputStream:74 - [STDERR_REDIRECT] 	at com.st.stm32cube.ide.mcu.stackanalyzer.model.CallGraph.fromInstructions(CallGraph.java:65)
2023-01-03 11:41:17,078 [ERROR] LogOutputStream:74 - [STDERR_REDIRECT] 	at com.st.stm32cube.ide.mcu.stackanalyzer.ui.StackAnalyzerView.inputChanged(StackAnalyzerView.java:927)
2023-01-03 11:41:17,079 [ERROR] LogOutputStream:74 - [STDERR_REDIRECT] 	at com.st.stm32cube.ide.mcu.stackanalyzer.ui.StackAnalyzerView.lambda$16(StackAnalyzerView.java:1283)
2023-01-03 11:41:17,080 [ERROR] LogOutputStream:74 - [STDERR_REDIRECT] 	at java.base/java.lang.Thread.run(Thread.java:829)
2023-01-03 11:41:17,081 [ERROR] LogOutputStream:74 - [STDERR_REDIRECT] java.lang.StringIndexOutOfBoundsException: begin 0, end -1, length 0
2023-01-03 11:41:17,083 [ERROR] LogOutputStream:74 - [STDERR_REDIRECT] 	at java.base/java.lang.String.checkBoundsBeginEnd(String.java:3319)
2023-01-03 11:41:17,084 [ERROR] LogOutputStream:74 - [STDERR_REDIRECT] 	at java.base/java.lang.String.substring(String.java:1874)
2023-01-03 11:41:17,085 [ERROR] LogOutputStream:74 - [STDERR_REDIRECT] 	at com.st.stm32cube.ide.mcu.utils.assembly.InstructionRecord.calcJumpInstructionDirect(InstructionRecord.java:201)
2023-01-03 11:41:17,087 [ERROR] LogOutputStream:74 - [STDERR_REDIRECT] 	at com.st.stm32cube.ide.mcu.utils.assembly.InstructionRecord.isJumpInstructionDirect(InstructionRecord.java:159)
2023-01-03 11:41:17,089 [ERROR] LogOutputStream:74 - [STDERR_REDIRECT] 	at com.st.stm32cube.ide.mcu.stackanalyzer.model.CallGraph.fromInstructions(CallGraph.java:65)
2023-01-03 11:41:17,090 [ERROR] LogOutputStream:74 - [STDERR_REDIRECT] 	at com.st.stm32cube.ide.mcu.stackanalyzer.ui.StackAnalyzerView.inputChanged(StackAnalyzerView.java:927)
2023-01-03 11:41:17,092 [ERROR] LogOutputStream:74 - [STDERR_REDIRECT] 	at com.st.stm32cube.ide.mcu.stackanalyzer.ui.StackAnalyzerView.lambda$16(StackAnalyzerView.java:1283)
2023-01-03 11:41:17,093 [ERROR] LogOutputStream:74 - [STDERR_REDIRECT] 	at java.base/java.lang.Thread.run(Thread.java:829)
