2023-01-03 11:15:56,518 [INFO] Activator:179 - 


2023-01-03 11:15:56,521 [INFO] Activator:180 - !SESSION log4j initialized
2023-01-03 11:16:21,763 [ERROR] LogOutputStream:74 - [STDERR_REDIRECT] SLF4J: Failed to load class "org.slf4j.impl.StaticLoggerBinder".
2023-01-03 11:16:21,764 [ERROR] LogOutputStream:74 - [STDERR_REDIRECT] SLF4J: Defaulting to no-operation (NOP) logger implementation
2023-01-03 11:16:21,770 [ERROR] LogOutputStream:74 - [STDERR_REDIRECT] SLF4J: See http://www.slf4j.org/codes.html#StaticLoggerBinder for further details.
2023-01-03 11:46:38,826 [INFO] Activator:179 - 


2023-01-03 11:46:38,829 [INFO] Activator:180 - !SESSION log4j initialized
2023-01-03 11:46:47,510 [INFO] McuFinderGlobals:52 - Set McuFinder mode to 2 (CubeIDE integrated)
2023-01-03 11:46:47,796 [INFO] ApplicationProperties:181 - Using Application install path: C:\ST\STM32CubeIDE_1.11.0\STM32CubeIDE\plugins\com.st.stm32cube.common.mx_6.7.0.202211181646
2023-01-03 11:46:47,825 [INFO] DbMcusXml:77 - Set database path to: C:\ST\STM32CubeIDE_1.11.0\STM32CubeIDE\plugins\com.st.stm32cube.common.mx_6.7.0.202211181646\\db\/mcu/
2023-01-03 11:46:47,826 [INFO] ApiDb:273 - Set plugin database path to: C:\ST\STM32CubeIDE_1.11.0\STM32CubeIDE\plugins\com.st.stm32cube.common.mx_6.7.0.202211181646\\db\/plugins/boardmanager/
2023-01-03 11:46:47,829 [WARN] ApiDb:258 - Overriding images path with different value:  => C:\ST\STM32CubeIDE_1.11.0\STM32CubeIDE\plugins\com.st.stm32cube.common.mx_6.7.0.202211181646\\db\/plugins/mcufinder/images/
2023-01-03 11:46:49,575 [WARN] ApiFinderProperties:110 - C:\Users\hamxa\.stmcufinder\plugins\mcufinder\mcu\mcuFinder.mfd doesn't exist
2023-01-03 11:46:49,577 [INFO] ApiDb:249 - Set database path to: C:\Users\hamxa\.stmcufinder\plugins\mcufinder//mcu/
2023-01-03 11:46:49,579 [INFO] DbMcusAds:124 - Set database path to: C:\Users\hamxa\.stmcufinder\plugins\mcufinder//mcu/
2023-01-03 11:46:49,584 [INFO] CrossReferenceDbSqlite:202 - Set database path to: C:\Users\hamxa\.stmcufinder\plugins\mcufinder//mcu/cs/
2023-01-03 11:46:49,723 [INFO] RulesReader:61 - Compatibility file has been processed (283 Rules)
2023-01-03 11:46:49,852 [INFO] DbMcusXml:77 - Set database path to: C:\ST\STM32CubeIDE_1.11.0\STM32CubeIDE\plugins\com.st.stm32cube.common.mx_6.7.0.202211181646\\db\/mcu/
2023-01-03 11:46:49,853 [INFO] ApiDb:273 - Set plugin database path to: C:\ST\STM32CubeIDE_1.11.0\STM32CubeIDE\plugins\com.st.stm32cube.common.mx_6.7.0.202211181646\\db\/plugins/boardmanager/
2023-01-03 11:46:49,853 [INFO] ApiDb:260 - Set plugin images path to: C:\ST\STM32CubeIDE_1.11.0\STM32CubeIDE\plugins\com.st.stm32cube.common.mx_6.7.0.202211181646\\db\/plugins/mcufinder/images/
2023-01-03 11:46:49,854 [WARN] DbFile:40 - Overriding database path with different value: C:\Users\hamxa\.stmcufinder\plugins\mcufinder/ => C:\Users\hamxa\.stmcufinder\plugins\mcufinder
2023-01-03 11:46:49,854 [INFO] ApiDb:249 - Set database path to: C:\Users\hamxa\.stmcufinder\plugins\mcufinder//mcu/
2023-01-03 11:46:49,854 [WARN] DbFile:40 - Overriding database path with different value: C:\Users\hamxa\.stmcufinder\plugins\mcufinder/ => C:\Users\hamxa\.stmcufinder\plugins\mcufinder
2023-01-03 11:46:49,855 [INFO] DbMcusAds:124 - Set database path to: C:\Users\hamxa\.stmcufinder\plugins\mcufinder//mcu/
2023-01-03 11:46:49,855 [WARN] DbFile:40 - Overriding database path with different value: C:\Users\hamxa\.stmcufinder\plugins\mcufinder/ => C:\Users\hamxa\.stmcufinder\plugins\mcufinder
2023-01-03 11:46:49,856 [WARN] DbFile:40 - Overriding database path with different value: C:\Users\hamxa\.stmcufinder\plugins\mcufinder/ => C:\Users\hamxa\.stmcufinder\plugins\mcufinder
2023-01-03 11:46:49,856 [INFO] CrossReferenceDbSqlite:202 - Set database path to: C:\Users\hamxa\.stmcufinder\plugins\mcufinder//mcu/cs/
2023-01-03 11:46:49,956 [INFO] MainPanel:252 - HeapMemory: 268435456
2023-01-03 11:46:50,106 [INFO] DbMcusXml:77 - Set database path to: C:\ST\STM32CubeIDE_1.11.0\STM32CubeIDE\plugins\com.st.stm32cube.common.mx_6.7.0.202211181646\\db\/mcu/
2023-01-03 11:46:50,106 [INFO] ApiDb:273 - Set plugin database path to: C:\ST\STM32CubeIDE_1.11.0\STM32CubeIDE\plugins\com.st.stm32cube.common.mx_6.7.0.202211181646\\db\/plugins/boardmanager/
2023-01-03 11:46:50,107 [INFO] ApiDb:260 - Set plugin images path to: C:\ST\STM32CubeIDE_1.11.0\STM32CubeIDE\plugins\com.st.stm32cube.common.mx_6.7.0.202211181646\\db\/plugins/mcufinder/images/
2023-01-03 11:46:50,108 [WARN] DbFile:40 - Overriding database path with different value: C:\Users\hamxa\.stmcufinder\plugins\mcufinder/ => C:\Users\hamxa\.stmcufinder\plugins\mcufinder
2023-01-03 11:46:50,108 [INFO] ApiDb:249 - Set database path to: C:\Users\hamxa\.stmcufinder\plugins\mcufinder//mcu/
2023-01-03 11:46:50,108 [WARN] DbFile:40 - Overriding database path with different value: C:\Users\hamxa\.stmcufinder\plugins\mcufinder/ => C:\Users\hamxa\.stmcufinder\plugins\mcufinder
2023-01-03 11:46:50,108 [INFO] DbMcusAds:124 - Set database path to: C:\Users\hamxa\.stmcufinder\plugins\mcufinder//mcu/
2023-01-03 11:46:50,108 [WARN] DbFile:40 - Overriding database path with different value: C:\Users\hamxa\.stmcufinder\plugins\mcufinder/ => C:\Users\hamxa\.stmcufinder\plugins\mcufinder
2023-01-03 11:46:50,109 [WARN] DbFile:40 - Overriding database path with different value: C:\Users\hamxa\.stmcufinder\plugins\mcufinder/ => C:\Users\hamxa\.stmcufinder\plugins\mcufinder
2023-01-03 11:46:50,109 [INFO] CrossReferenceDbSqlite:202 - Set database path to: C:\Users\hamxa\.stmcufinder\plugins\mcufinder//mcu/cs/
2023-01-03 11:46:50,147 [INFO] ApplicationProperties:181 - Using Application install path: C:\ST\STM32CubeIDE_1.11.0\STM32CubeIDE\plugins\com.st.stm32cube.common.mx_6.7.0.202211181646
2023-01-03 11:46:50,149 [INFO] PluginManage:193 - Search for loadable plugins [exclusion list=, ]
2023-01-03 11:46:50,151 [INFO] PluginManage:307 - Check plugin analytics
2023-01-03 11:46:50,379 [INFO] AnalyticsPlugin:262 - Accepted Software Licenses: 
2023-01-03 11:46:50,380 [INFO] AnalyticsPlugin:264 - Accepted CMSIS Pack Licenses: 
2023-01-03 11:46:50,381 [INFO] AnalyticsPlugin:266 - Accepted Firmware Licenses: 
2023-01-03 11:46:50,395 [INFO] PluginManage:356 - Loaded plugin analytics (category:tool,tabindex:-1)
2023-01-03 11:46:50,396 [INFO] PluginManage:307 - Check plugin cadmodel
2023-01-03 11:46:50,417 [INFO] CADModel:104 - Init CAD model plugin
2023-01-03 11:46:50,418 [INFO] PluginManage:356 - Loaded plugin cadmodel (category:power,tabindex:5)
2023-01-03 11:46:50,418 [INFO] PluginManage:307 - Check plugin clock
2023-01-03 11:46:50,449 [INFO] PluginManage:356 - Loaded plugin clock (category:base,tabindex:2)
2023-01-03 11:46:50,450 [INFO] PluginManage:307 - Check plugin ddr
2023-01-03 11:46:50,454 [INFO] PluginManage:356 - Loaded plugin ddr (category:tool,tabindex:6)
2023-01-03 11:46:50,454 [INFO] PluginManage:307 - Check plugin filemanager
2023-01-03 11:46:50,722 [INFO] PluginManage:356 - Loaded plugin filemanager (category:base,tabindex:10)
2023-01-03 11:46:50,723 [INFO] PluginManage:307 - Check plugin ipmanager
2023-01-03 11:46:50,740 [INFO] PluginManage:356 - Loaded plugin ipmanager (category:base,tabindex:5)
2023-01-03 11:46:50,740 [INFO] PluginManage:307 - Check plugin lpbam
2023-01-03 11:46:50,815 [INFO] PluginManage:356 - Loaded plugin lpbam (category:base,tabindex:0)
2023-01-03 11:46:50,815 [INFO] PluginManage:307 - Check plugin pinoutandconfiguration
2023-01-03 11:46:50,856 [INFO] PluginManage:356 - Loaded plugin pinoutandconfiguration (category:base,tabindex:1)
2023-01-03 11:46:50,857 [INFO] PluginManage:307 - Check plugin pinoutconfig
2023-01-03 11:46:50,913 [INFO] PluginManage:356 - Loaded plugin pinoutconfig (category:base,tabindex:0)
2023-01-03 11:46:50,913 [INFO] PluginManage:307 - Check plugin power
2023-01-03 11:46:50,942 [INFO] PluginManage:356 - Loaded plugin power (category:power,tabindex:4)
2023-01-03 11:46:50,943 [INFO] PluginManage:307 - Check plugin projectmanager
2023-01-03 11:46:50,966 [INFO] PluginManage:356 - Loaded plugin projectmanager (category:projectmanager,tabindex:3)
2023-01-03 11:46:50,966 [INFO] PluginManage:307 - Check plugin thirdparty
2023-01-03 11:46:51,272 [WARN] IntegrityCheckThread:82 - waiting for thirdparty lock release [integrity check]
2023-01-03 11:46:51,272 [INFO] PluginManage:356 - Loaded plugin thirdparty (category:base,tabindex:-1)
2023-01-03 11:46:51,273 [INFO] PluginManage:307 - Check plugin tools
2023-01-03 11:46:51,273 [INFO] IntegrityCheckThread:84 - entering critical section [integrity check]
2023-01-03 11:46:51,276 [INFO] ThirdPartyUpdaterWithRetryManager:70 - Updater plugin not ready yet. [1/15]
2023-01-03 11:46:51,303 [INFO] PluginManage:356 - Loaded plugin tools (category:base,tabindex:7)
2023-01-03 11:46:51,304 [INFO] PluginManage:307 - Check plugin tutovideos
2023-01-03 11:46:51,562 [INFO] PluginManage:356 - Loaded plugin tutovideos (category:base,tabindex:-1)
2023-01-03 11:46:51,563 [INFO] PluginManage:307 - Check plugin updater
2023-01-03 11:46:51,587 [INFO] PluginManage:356 - Loaded plugin updater (category:base,tabindex:12)
2023-01-03 11:46:51,588 [INFO] PluginManage:280 - PluginManage : Loaded plugins [15]
2023-01-03 11:46:51,961 [INFO] PinOutPanel:1477 - setPackage(No Configuration,No Configuration)
2023-01-03 11:46:52,056 [INFO] CADModel:164 - CPN selected for project level
2023-01-03 11:46:52,057 [INFO] CADModel:113 - Register for checkConnection events
2023-01-03 11:46:52,097 [INFO] IPUIPlugin:79 - create IPUIPlugin
2023-01-03 11:46:52,098 [INFO] PluginManager:219 - loadIPPluginJar : add adc
2023-01-03 11:46:52,132 [INFO] IPUIPlugin:79 - create IPUIPlugin
2023-01-03 11:46:52,132 [INFO] PluginManager:219 - loadIPPluginJar : add aes
2023-01-03 11:46:52,170 [INFO] IPUIPlugin:79 - create IPUIPlugin
2023-01-03 11:46:52,170 [INFO] PluginManager:219 - loadIPPluginJar : add can
2023-01-03 11:46:52,189 [INFO] IPUIPlugin:79 - create IPUIPlugin
2023-01-03 11:46:52,189 [INFO] PluginManager:219 - loadIPPluginJar : add comp
2023-01-03 11:46:52,218 [INFO] IPUIPlugin:79 - create IPUIPlugin
2023-01-03 11:46:52,218 [INFO] PluginManager:219 - loadIPPluginJar : add cryp
2023-01-03 11:46:52,242 [INFO] IPUIPlugin:79 - create IPUIPlugin
2023-01-03 11:46:52,242 [INFO] PluginManager:219 - loadIPPluginJar : add dfsdm
2023-01-03 11:46:52,256 [INFO] IPUIPlugin:79 - create IPUIPlugin
2023-01-03 11:46:52,256 [INFO] PluginManager:219 - loadIPPluginJar : add dma
2023-01-03 11:46:52,291 [INFO] IPUIPlugin:79 - create IPUIPlugin
2023-01-03 11:46:52,291 [INFO] PluginManager:219 - loadIPPluginJar : add dma3
2023-01-03 11:46:52,308 [INFO] IPUIPlugin:79 - create IPUIPlugin
2023-01-03 11:46:52,308 [INFO] PluginManager:219 - loadIPPluginJar : add fatfs
2023-01-03 11:46:52,348 [INFO] IPUIPlugin:79 - create IPUIPlugin
2023-01-03 11:46:52,348 [INFO] PluginManager:219 - loadIPPluginJar : add fmc
2023-01-03 11:46:52,362 [INFO] IPUIPlugin:79 - create IPUIPlugin
2023-01-03 11:46:52,362 [INFO] PluginManager:219 - loadIPPluginJar : add freertos
2023-01-03 11:46:52,379 [INFO] IPUIPlugin:79 - create IPUIPlugin
2023-01-03 11:46:52,379 [INFO] PluginManager:219 - loadIPPluginJar : add genericplugin
2023-01-03 11:46:52,454 [INFO] IPUIPlugin:79 - create IPUIPlugin
2023-01-03 11:46:52,454 [INFO] PluginManager:219 - loadIPPluginJar : add gfxmmu
2023-01-03 11:46:52,571 [INFO] IPUIPlugin:79 - create IPUIPlugin
2023-01-03 11:46:52,571 [INFO] PluginManager:219 - loadIPPluginJar : add gic
2023-01-03 11:46:52,586 [INFO] IPUIPlugin:79 - create IPUIPlugin
2023-01-03 11:46:52,587 [INFO] PluginManager:219 - loadIPPluginJar : add gpio
2023-01-03 11:46:52,671 [INFO] IPUIPlugin:79 - create IPUIPlugin
2023-01-03 11:46:52,671 [INFO] PluginManager:219 - loadIPPluginJar : add gtzc
2023-01-03 11:46:52,699 [INFO] IPUIPlugin:79 - create IPUIPlugin
2023-01-03 11:46:52,699 [INFO] PluginManager:219 - loadIPPluginJar : add hash
2023-01-03 11:46:52,742 [INFO] IPUIPlugin:79 - create IPUIPlugin
2023-01-03 11:46:52,742 [INFO] PluginManager:219 - loadIPPluginJar : add i2c
2023-01-03 11:46:52,776 [INFO] IPUIPlugin:79 - create IPUIPlugin
2023-01-03 11:46:52,776 [INFO] PluginManager:219 - loadIPPluginJar : add i2s
2023-01-03 11:46:52,869 [INFO] IPUIPlugin:79 - create IPUIPlugin
2023-01-03 11:46:52,869 [INFO] PluginManager:219 - loadIPPluginJar : add ipddr
2023-01-03 11:46:52,948 [INFO] IPUIPlugin:79 - create IPUIPlugin
2023-01-03 11:46:52,948 [INFO] PluginManager:219 - loadIPPluginJar : add linkedlist
2023-01-03 11:46:52,976 [INFO] IPUIPlugin:79 - create IPUIPlugin
2023-01-03 11:46:52,976 [INFO] PluginManager:219 - loadIPPluginJar : add lorawan
2023-01-03 11:46:53,005 [INFO] IPUIPlugin:79 - create IPUIPlugin
2023-01-03 11:46:53,006 [INFO] PluginManager:219 - loadIPPluginJar : add ltdc
2023-01-03 11:46:53,019 [INFO] IPUIPlugin:79 - create IPUIPlugin
2023-01-03 11:46:53,019 [INFO] PluginManager:219 - loadIPPluginJar : add mdma
2023-01-03 11:46:53,031 [INFO] IPUIPlugin:79 - create IPUIPlugin
2023-01-03 11:46:53,031 [INFO] PluginManager:219 - loadIPPluginJar : add nvic
2023-01-03 11:46:53,060 [INFO] IPUIPlugin:79 - create IPUIPlugin
2023-01-03 11:46:53,060 [INFO] PluginManager:219 - loadIPPluginJar : add opamp
2023-01-03 11:46:53,111 [INFO] IPUIPlugin:79 - create IPUIPlugin
2023-01-03 11:46:53,112 [INFO] PluginManager:219 - loadIPPluginJar : add openamp
2023-01-03 11:46:53,146 [INFO] IPUIPlugin:79 - create IPUIPlugin
2023-01-03 11:46:53,146 [INFO] PluginManager:219 - loadIPPluginJar : add pdm2pcm
2023-01-03 11:46:53,158 [INFO] IPUIPlugin:79 - create IPUIPlugin
2023-01-03 11:46:53,162 [INFO] PluginManager:219 - loadIPPluginJar : add plateformsettings
2023-01-03 11:46:53,181 [INFO] IPUIPlugin:79 - create IPUIPlugin
2023-01-03 11:46:53,181 [INFO] PluginManager:219 - loadIPPluginJar : add quadspi
2023-01-03 11:46:53,193 [INFO] IPUIPlugin:79 - create IPUIPlugin
2023-01-03 11:46:53,193 [INFO] PluginManager:219 - loadIPPluginJar : add resmgrutility
2023-01-03 11:46:53,233 [INFO] IPUIPlugin:79 - create IPUIPlugin
2023-01-03 11:46:53,234 [INFO] PluginManager:219 - loadIPPluginJar : add sai
2023-01-03 11:46:53,263 [INFO] IPUIPlugin:79 - create IPUIPlugin
2023-01-03 11:46:53,263 [INFO] PluginManager:219 - loadIPPluginJar : add spi
2023-01-03 11:46:53,308 [INFO] IPUIPlugin:79 - create IPUIPlugin
2023-01-03 11:46:53,308 [INFO] PluginManager:219 - loadIPPluginJar : add stm32_wpan
2023-01-03 11:46:53,327 [INFO] IPUIPlugin:79 - create IPUIPlugin
2023-01-03 11:46:53,327 [INFO] PluginManager:219 - loadIPPluginJar : add tim
2023-01-03 11:46:53,373 [INFO] IPUIPlugin:79 - create IPUIPlugin
2023-01-03 11:46:53,373 [INFO] PluginManager:219 - loadIPPluginJar : add touchsensing
2023-01-03 11:46:53,391 [INFO] IPUIPlugin:79 - create IPUIPlugin
2023-01-03 11:46:53,391 [INFO] PluginManager:219 - loadIPPluginJar : add tracer_emb
2023-01-03 11:46:53,410 [INFO] IPUIPlugin:79 - create IPUIPlugin
2023-01-03 11:46:53,410 [INFO] PluginManager:219 - loadIPPluginJar : add ts
2023-01-03 11:46:53,427 [INFO] IPUIPlugin:79 - create IPUIPlugin
2023-01-03 11:46:53,427 [INFO] PluginManager:219 - loadIPPluginJar : add tsc
2023-01-03 11:46:53,445 [INFO] IPUIPlugin:79 - create IPUIPlugin
2023-01-03 11:46:53,445 [INFO] PluginManager:219 - loadIPPluginJar : add ucpd
2023-01-03 11:46:53,481 [INFO] IPUIPlugin:79 - create IPUIPlugin
2023-01-03 11:46:53,481 [INFO] PluginManager:219 - loadIPPluginJar : add usart
2023-01-03 11:46:53,520 [INFO] IPUIPlugin:79 - create IPUIPlugin
2023-01-03 11:46:53,521 [INFO] PluginManager:219 - loadIPPluginJar : add usbx
2023-01-03 11:46:53,665 [INFO] CADModel:164 - CPN selected for project level
2023-01-03 11:46:53,665 [INFO] CADModel:113 - Register for checkConnection events
2023-01-03 11:46:53,666 [FATAL] Updater:308 - Updater called before beeing initialized
2023-01-03 11:46:53,666 [ERROR] CADModel:124 - Updater not yet initialized, retry later 
2023-01-03 11:46:53,834 [INFO] CADModel:164 - CPN selected for project level
2023-01-03 11:46:53,834 [INFO] CADModel:113 - Register for checkConnection events
2023-01-03 11:46:53,835 [FATAL] Updater:308 - Updater called before beeing initialized
2023-01-03 11:46:53,835 [ERROR] CADModel:124 - Updater not yet initialized, retry later 
2023-01-03 11:46:53,838 [FATAL] Updater:308 - Updater called before beeing initialized
2023-01-03 11:46:53,997 [FATAL] Updater:308 - Updater called before beeing initialized
2023-01-03 11:46:54,008 [INFO] DbMcusAds:52 - JSON generation date=Thu Sep 30 11:55:09 PKT 2021 (1632984909247)
2023-01-03 11:46:54,008 [FATAL] Updater:308 - Updater called before beeing initialized
2023-01-03 11:46:54,092 [WARN] DetailPanel:344 - Failed to get advertising image, set to default
2023-01-03 11:46:54,233 [FATAL] Updater:308 - Updater called before beeing initialized
2023-01-03 11:46:54,236 [FATAL] Updater:308 - Updater called before beeing initialized
2023-01-03 11:46:54,236 [FATAL] Updater:308 - Updater called before beeing initialized
2023-01-03 11:46:54,236 [WARN] DetailPanel:344 - Failed to get advertising image, set to default
2023-01-03 11:46:54,237 [FATAL] Updater:308 - Updater called before beeing initialized
2023-01-03 11:46:54,277 [INFO] ThirdPartyUpdaterWithRetryManager:70 - Updater plugin not ready yet. [2/15]
2023-01-03 11:46:54,303 [ERROR] Updater:1120 - MainUpdater not yet initialized. External WinMGr cannot be set.
2023-01-03 11:46:54,312 [INFO] Updater:1056 - Updater Version found : 6.7.0
2023-01-03 11:46:54,331 [INFO] ApplicationProperties:181 - Using Application install path: C:\ST\STM32CubeIDE_1.11.0\STM32CubeIDE\plugins\com.st.stm32cube.common.mx_6.7.0.202211181646
2023-01-03 11:46:54,375 [INFO] MainUpdater:518 - Copy updater definitions from MX database
2023-01-03 11:46:54,421 [INFO] MainUpdater:551 - Copy flag file definitions from MX database
2023-01-03 11:46:54,429 [INFO] MainUpdater:567 - Copy thirdparty index definitions from MX database
2023-01-03 11:46:54,438 [INFO] MainUpdater:586 - Copy default thirdparty db definitions from MX database
2023-01-03 11:46:54,473 [INFO] MainUpdater:2800 - connection check result : 10
2023-01-03 11:46:54,474 [INFO] MainUpdater:3494 - Updater definition file requires update
2023-01-03 11:46:54,475 [INFO] MainUpdater:282 - Updater Check For Update Now.
2023-01-03 11:46:54,476 [INFO] MicroXplorer:481 - Change Database Version : DB.6.0.70
2023-01-03 11:46:54,685 [INFO] ServerAccessManage:474 - Download File updaters.zip
2023-01-03 11:46:54,791 [INFO] FileExtend:239 - Unzip File : updaters.zip
2023-01-03 11:46:54,792 [INFO] FileExtend:254 - Standard Zip Deflate
2023-01-03 11:46:55,381 [INFO] ServerAccessManage:474 - Download File PacksControlFlags.xml
2023-01-03 11:46:55,539 [INFO] ServerAccessManage:474 - Download File cubemx.pidx
2023-01-03 11:46:56,166 [INFO] ServerAccessManage:474 - Download File STMicroelectronics.FP-ATR-ASTRA1.pdsc
2023-01-03 11:46:57,279 [WARN] MainUpdater:1186 - Updater busy. Cannot search thirdparties
2023-01-03 11:46:57,279 [INFO] ThirdPartyUpdaterWithRetryManager:96 - Updater plugin is busy. [1/15]
2023-01-03 11:46:57,750 [INFO] ServerAccessManage:474 - Download File STMicroelectronics.FP-ATR-SIGFOX1.pdsc
2023-01-03 11:46:58,739 [INFO] ServerAccessManage:474 - Download File STMicroelectronics.X-CUBE-AI.pdsc
2023-01-03 11:47:00,280 [WARN] MainUpdater:1186 - Updater busy. Cannot search thirdparties
2023-01-03 11:47:00,280 [INFO] ThirdPartyUpdaterWithRetryManager:96 - Updater plugin is busy. [2/15]
2023-01-03 11:47:03,280 [WARN] MainUpdater:1186 - Updater busy. Cannot search thirdparties
2023-01-03 11:47:03,280 [INFO] ThirdPartyUpdaterWithRetryManager:96 - Updater plugin is busy. [3/15]
2023-01-03 11:47:05,188 [ERROR] LogOutputStream:74 - [STDERR_REDIRECT] SLF4J: Failed to load class "org.slf4j.impl.StaticLoggerBinder".
2023-01-03 11:47:05,189 [ERROR] LogOutputStream:74 - [STDERR_REDIRECT] SLF4J: Defaulting to no-operation (NOP) logger implementation
2023-01-03 11:47:05,191 [ERROR] LogOutputStream:74 - [STDERR_REDIRECT] SLF4J: See http://www.slf4j.org/codes.html#StaticLoggerBinder for further details.
2023-01-03 11:47:05,756 [INFO] ServerAccessManage:474 - Download File STMicroelectronics.X-CUBE-ALS.pdsc
2023-01-03 11:47:06,280 [WARN] MainUpdater:1186 - Updater busy. Cannot search thirdparties
2023-01-03 11:47:06,280 [INFO] ThirdPartyUpdaterWithRetryManager:96 - Updater plugin is busy. [4/15]
2023-01-03 11:47:07,023 [INFO] ServerAccessManage:474 - Download File STMicroelectronics.X-CUBE-BLE1.pdsc
2023-01-03 11:47:09,281 [WARN] MainUpdater:1186 - Updater busy. Cannot search thirdparties
2023-01-03 11:47:09,281 [INFO] ThirdPartyUpdaterWithRetryManager:96 - Updater plugin is busy. [5/15]
2023-01-03 11:47:11,369 [ERROR] ServerAccessManage:1090 - Problem, file not found on Server
2023-01-03 11:47:11,910 [INFO] ServerAccessManage:474 - Download File STMicroelectronics.X-CUBE-BLE2.pdsc
2023-01-03 11:47:12,281 [WARN] MainUpdater:1186 - Updater busy. Cannot search thirdparties
2023-01-03 11:47:12,281 [INFO] ThirdPartyUpdaterWithRetryManager:96 - Updater plugin is busy. [6/15]
2023-01-03 11:47:14,559 [INFO] MainUpdater:2800 - connection check result : 10
2023-01-03 11:47:15,281 [WARN] MainUpdater:1186 - Updater busy. Cannot search thirdparties
2023-01-03 11:47:15,281 [INFO] ThirdPartyUpdaterWithRetryManager:96 - Updater plugin is busy. [7/15]
2023-01-03 11:47:16,593 [INFO] ServerAccessManage:474 - Download File STMicroelectronics.X-CUBE-BLEMGR.pdsc
2023-01-03 11:47:17,882 [INFO] ServerAccessManage:474 - Download File STMicroelectronics.X-CUBE-DISPLAY.pdsc
2023-01-03 11:47:18,282 [WARN] MainUpdater:1186 - Updater busy. Cannot search thirdparties
2023-01-03 11:47:18,282 [INFO] ThirdPartyUpdaterWithRetryManager:96 - Updater plugin is busy. [8/15]
2023-01-03 11:47:20,702 [INFO] ServerAccessManage:474 - Download File STMicroelectronics.X-CUBE-EEPRMA1.pdsc
2023-01-03 11:47:21,282 [WARN] MainUpdater:1186 - Updater busy. Cannot search thirdparties
2023-01-03 11:47:21,282 [INFO] ThirdPartyUpdaterWithRetryManager:96 - Updater plugin is busy. [9/15]
2023-01-03 11:47:21,519 [ERROR] ServerAccessManage:1090 - Problem, file not found on Server
2023-01-03 11:47:22,938 [INFO] ServerAccessManage:474 - Download File STMicroelectronics.X-CUBE-GNSS1.pdsc
2023-01-03 11:47:24,283 [WARN] MainUpdater:1186 - Updater busy. Cannot search thirdparties
2023-01-03 11:47:24,283 [INFO] ThirdPartyUpdaterWithRetryManager:96 - Updater plugin is busy. [10/15]
2023-01-03 11:47:27,283 [WARN] MainUpdater:1186 - Updater busy. Cannot search thirdparties
2023-01-03 11:47:27,283 [INFO] ThirdPartyUpdaterWithRetryManager:96 - Updater plugin is busy. [11/15]
2023-01-03 11:47:27,772 [ERROR] ServerAccessManage:1090 - Problem, file not found on Server
2023-01-03 11:47:28,261 [ERROR] ServerAccessManage:1090 - Problem, file not found on Server
2023-01-03 11:47:28,827 [ERROR] ServerAccessManage:1090 - Problem, file not found on Server
2023-01-03 11:47:29,323 [ERROR] ServerAccessManage:1090 - Problem, file not found on Server
2023-01-03 11:47:29,911 [ERROR] ServerAccessManage:1090 - Problem, file not found on Server
2023-01-03 11:47:30,284 [WARN] MainUpdater:1186 - Updater busy. Cannot search thirdparties
2023-01-03 11:47:30,284 [INFO] ThirdPartyUpdaterWithRetryManager:96 - Updater plugin is busy. [12/15]
2023-01-03 11:47:30,408 [ERROR] ServerAccessManage:1090 - Problem, file not found on Server
2023-01-03 11:47:30,906 [INFO] ServerAccessManage:474 - Download File STMicroelectronics.X-CUBE-ISPU.pdsc
2023-01-03 11:47:32,055 [INFO] ServerAccessManage:474 - Download File STMicroelectronics.X-CUBE-MEMS1.pdsc
2023-01-03 11:47:33,285 [WARN] MainUpdater:1186 - Updater busy. Cannot search thirdparties
2023-01-03 11:47:33,285 [INFO] ThirdPartyUpdaterWithRetryManager:96 - Updater plugin is busy. [13/15]
2023-01-03 11:47:35,402 [INFO] ApiDb:580 - Connected to CubeFinder SQLite database (C:\Users\hamxa\.stmcufinder\plugins\mcufinder\mcu\cube-finder-db.db)
2023-01-03 11:47:35,465 [INFO] ApiDb:667 - CubeFinder database Data Model version=2.1
2023-01-03 11:47:35,465 [INFO] ApiDb:668 - CubeFinder database Configuration version=3.0.35
2023-01-03 11:47:35,466 [INFO] ApiDb:669 - CubeFinder database generation date=2022-11-18 (1668769384)
2023-01-03 11:47:35,466 [INFO] ApiDb:670 - CubeFinder database FW Pack versions=[FP-ATR-ASTRA1_V1.1.1, STM32Cube_FW_C0_V1.0.0, STM32Cube_FW_F4_V1.27.1, STM32Cube_FW_F7_V1.17.0, STM32Cube_FW_G0_V1.6.1, STM32Cube_FW_G4_V1.5.0, STM32Cube_FW_H5_V0.5.1, STM32Cube_FW_H7_V1.11.0, STM32Cube_FW_L5_V1.5.0, STM32Cube_FW_U5_V1.1.1, STM32Cube_FW_WBA_V0.2.0, STM32Cube_FW_WB_V1.15.0, STM32Cube_FW_WB_V1.15.0RC1, STM32Cube_FW_WL_V1.3.0, X-CUBE-ALGOBUILD_V1.3.0, X-CUBE-ALS_V1.0.1, X-CUBE-AZRTOS-F4_V1.1.0, X-CUBE-AZRTOS-F7_V1.1.0, X-CUBE-AZRTOS-G0_V1.1.0, X-CUBE-AZRTOS-G4_V1.0.0, X-CUBE-AZRTOS-H7_V2.1.0, X-CUBE-AZRTOS-L4_V1.0.0, X-CUBE-AZRTOS-L5_V1.0.0, X-CUBE-AZRTOS-WL_V1.0.0, X-CUBE-BLE1_V6.2.4, X-CUBE-BLE2_V3.3.0, X-CUBE-BLEMGR_V1.2.0, X-CUBE-EEPRMA1_V3.1.1, X-CUBE-GNSS1_V6.0.0, X-CUBE-MEMS1_V9.1.0, X-CUBE-MEMS1_V9.3.0, X-CUBE-NFC4_V2.0.4, X-CUBE-NFC7_V1.0.0, X-CUBE-SFXS2LP1_V4.0.0, X-CUBE-SUBG2_V5.0.0]
2023-01-03 11:47:36,285 [WARN] MainUpdater:1186 - Updater busy. Cannot search thirdparties
2023-01-03 11:47:36,285 [INFO] ThirdPartyUpdaterWithRetryManager:96 - Updater plugin is busy. [14/15]
2023-01-03 11:47:37,277 [INFO] ServerAccessManage:474 - Download File STMicroelectronics.X-CUBE-NFC4.pdsc
2023-01-03 11:47:37,405 [INFO] ApiDb:239 - Found 143 in-development CPN: [B-WB1M-WPAN1, B-WL5M-SUBG1, NUCLEO-C031C6, STEVAL-PROTEUS1, STEVAL-STWINBX1, STM320518-EVAL, STM32C0116-DK, STM32C011D6Y3TR, STM32C011D6Y6TR, STM32C011F4P3, STM32C011F4P6, STM32C011F4U3, STM32C011F4U6TR, STM32C011F6P3, STM32C011F6P6, STM32C011F6U3, STM32C011F6U6TR, STM32C011J4M3, STM32C011J4M6, STM32C011J6M3, STM32C011J6M6, STM32C0316-DK, STM32C031C4T3, STM32C031C4T6, STM32C031C4U3, STM32C031C4U6, STM32C031C6T3, STM32C031C6T6, STM32C031C6U3, STM32C031C6U6, STM32C031F4P3, STM32C031F4P6, STM32C031F6P3, STM32C031F6P6, STM32C031G4U3, STM32C031G4U6, STM32C031G6U3, STM32C031G6U6, STM32C031K4T3, STM32C031K4T6, STM32C031K4U3, STM32C031K4U6, STM32C031K6T3, STM32C031K6T6, STM32C031K6U3, STM32C031K6U6, STM32G071K8TXN, STM32G071K8UXN, STM32G081GBU6N, STM32G081KBT6N, STM32G081KBUXN, STM32G0B1CCT6N, STM32G0B1KCT6, STM32G0B1NEY6TR, STM32G0B1RCT6N, STM32G0C1CCT6, STM32G0C1CCT6N, STM32G0C1CCU6N, STM32G0C1CET6N, STM32G0C1CEU6N, STM32G0C1KCT6, STM32G0C1NEY6TR, STM32G0C1RCI6N, STM32G0C1RCT6N, STM32G0C1REI6N, STM32G0C1RET6N, STM32G0C1VCI6, STM32G0C1VEI6, STM32G471CCT6, STM32G471CCU6, STM32G471CET3, STM32G471CET6, STM32G471CEU3, STM32G471CEU6, STM32G471MCT6, STM32G471MET3, STM32G471MET6, STM32G471MEY6TR, STM32G471QCT6, STM32G471QET3, STM32G471RCT6, STM32G471RET3, STM32G471RET6, STM32G471VCH6, STM32G471VCI6, STM32G471VCT6, STM32G471VEH3, STM32G471VEH6, STM32G471VEI3, STM32G471VEI6, STM32G471VET3, STM32G471VET6, STM32G474CCT6, STM32L476VGY6PTR, STM32L4R5QGI6STR, STM32MP131AAE3, STM32MP131AAF3, STM32MP131AAG3, STM32MP131CAE3, STM32MP131CAF3, STM32MP131CAG3, STM32MP131DAE7, STM32MP131DAF7, STM32MP131DAG7, STM32MP131FAE7, STM32MP131FAF7, STM32MP131FAG7, STM32MP133AAE3, STM32MP133AAF3, STM32MP133AAG3, STM32MP133CAE3, STM32MP133CAF3, STM32MP133CAG3, STM32MP133DAE7, STM32MP133DAF7, STM32MP133DAG7, STM32MP133FAE7, STM32MP133FAF7, STM32MP133FAG7, STM32MP135AAE3, STM32MP135AAF3, STM32MP135AAG3, STM32MP135CAE3, STM32MP135CAF3, STM32MP135CAG3, STM32MP135DAE7, STM32MP135DAF7, STM32MP135DAG7, STM32MP135F-DK, STM32MP135FAE7, STM32MP135FAF7, STM32MP135FAF7T, STM32MP135FAF7U, STM32MP135FAG7, STM32U595ZJT6Q, STM32U599BJY6QTR, STM32U599NIH6Q, STM32U599NJH6Q, STM32U5A5ZJT6Q, STM32U5A9BJY6QTR, STM32U5A9NJH6Q, STM32WB1MMCH6, STM32WL5MOCH6TR]
2023-01-03 11:47:37,411 [INFO] DbMcus:215 - Found 3582 MCUs, 3582 are supported
2023-01-03 11:47:37,413 [INFO] ApiDb:413 - User favorites file not found: C:\Users\hamxa/.stm32cubeide/favorites.mcus.txt
2023-01-03 11:47:37,413 [INFO] DbMcus:221 - Set 0 / 0 favorites MCUs
2023-01-03 11:47:37,708 [INFO] McuFinderGlobals:65 - Set McuFinderConnectedMode to true
2023-01-03 11:47:37,717 [INFO] MultiScanPanel:196 - Auto-refresh data requested => check proxy status ongoing
2023-01-03 11:47:37,721 [INFO] FinderPluginLoader:92 - Searching for filters in installed packs
2023-01-03 11:47:39,287 [WARN] MainUpdater:1186 - Updater busy. Cannot search thirdparties
2023-01-03 11:47:39,294 [INFO] ThirdPartyUpdaterWithRetryManager:96 - Updater plugin is busy. [15/15]
2023-01-03 11:47:39,295 [ERROR] IntegrityCheckThread:128 - Cannot retrieve database content from updater: error -1
2023-01-03 11:47:39,296 [INFO] ThirdParty:947 - Integrity check success = false
2023-01-03 11:47:39,296 [INFO] IntegrityCheckThread:98 - exiting critical section [integrity check]
2023-01-03 11:47:39,296 [INFO] IntegrityCheckThread:101 - End integrity checks thread
2023-01-03 11:47:39,618 [ERROR] WebUtils:385 - Updater is busy
2023-01-03 11:47:39,618 [WARN] DetailPanel:344 - Failed to get advertising image, set to default
2023-01-03 11:47:40,664 [INFO] ApiDb:667 - CubeFinder database Data Model version=2.1
2023-01-03 11:47:40,664 [INFO] ApiDb:668 - CubeFinder database Configuration version=3.0.35
2023-01-03 11:47:40,664 [INFO] ApiDb:669 - CubeFinder database generation date=2022-11-18 (1668769384)
2023-01-03 11:47:40,664 [INFO] ApiDb:670 - CubeFinder database FW Pack versions=[FP-ATR-ASTRA1_V1.1.1, STM32Cube_FW_C0_V1.0.0, STM32Cube_FW_F4_V1.27.1, STM32Cube_FW_F7_V1.17.0, STM32Cube_FW_G0_V1.6.1, STM32Cube_FW_G4_V1.5.0, STM32Cube_FW_H5_V0.5.1, STM32Cube_FW_H7_V1.11.0, STM32Cube_FW_L5_V1.5.0, STM32Cube_FW_U5_V1.1.1, STM32Cube_FW_WBA_V0.2.0, STM32Cube_FW_WB_V1.15.0, STM32Cube_FW_WB_V1.15.0RC1, STM32Cube_FW_WL_V1.3.0, X-CUBE-ALGOBUILD_V1.3.0, X-CUBE-ALS_V1.0.1, X-CUBE-AZRTOS-F4_V1.1.0, X-CUBE-AZRTOS-F7_V1.1.0, X-CUBE-AZRTOS-G0_V1.1.0, X-CUBE-AZRTOS-G4_V1.0.0, X-CUBE-AZRTOS-H7_V2.1.0, X-CUBE-AZRTOS-L4_V1.0.0, X-CUBE-AZRTOS-L5_V1.0.0, X-CUBE-AZRTOS-WL_V1.0.0, X-CUBE-BLE1_V6.2.4, X-CUBE-BLE2_V3.3.0, X-CUBE-BLEMGR_V1.2.0, X-CUBE-EEPRMA1_V3.1.1, X-CUBE-GNSS1_V6.0.0, X-CUBE-MEMS1_V9.1.0, X-CUBE-MEMS1_V9.3.0, X-CUBE-NFC4_V2.0.4, X-CUBE-NFC7_V1.0.0, X-CUBE-SFXS2LP1_V4.0.0, X-CUBE-SUBG2_V5.0.0]
2023-01-03 11:47:40,788 [INFO] DbBoardsSqlite:225 - include board P-NUCLEO-WB55-NUCLEO as a kit item of type 'Nucleo-64'
2023-01-03 11:47:40,789 [INFO] DbBoardsSqlite:225 - include board P-NUCLEO-WB55-USBDONGLE as a kit item of type 'Nucleo USB Dongle'
2023-01-03 11:47:40,790 [INFO] DbBoardsSqlite:225 - include board STEVAL-IDP005V1 as a kit item of type 'Evaluation Board'
2023-01-03 11:47:40,791 [INFO] DbBoardsSqlite:225 - include board STEVAL-IDP005V2 as a kit item of type 'Evaluation Board'
2023-01-03 11:47:40,876 [INFO] ApiDb:239 - Found 143 in-development CPN: [B-WB1M-WPAN1, B-WL5M-SUBG1, NUCLEO-C031C6, STEVAL-PROTEUS1, STEVAL-STWINBX1, STM320518-EVAL, STM32C0116-DK, STM32C011D6Y3TR, STM32C011D6Y6TR, STM32C011F4P3, STM32C011F4P6, STM32C011F4U3, STM32C011F4U6TR, STM32C011F6P3, STM32C011F6P6, STM32C011F6U3, STM32C011F6U6TR, STM32C011J4M3, STM32C011J4M6, STM32C011J6M3, STM32C011J6M6, STM32C0316-DK, STM32C031C4T3, STM32C031C4T6, STM32C031C4U3, STM32C031C4U6, STM32C031C6T3, STM32C031C6T6, STM32C031C6U3, STM32C031C6U6, STM32C031F4P3, STM32C031F4P6, STM32C031F6P3, STM32C031F6P6, STM32C031G4U3, STM32C031G4U6, STM32C031G6U3, STM32C031G6U6, STM32C031K4T3, STM32C031K4T6, STM32C031K4U3, STM32C031K4U6, STM32C031K6T3, STM32C031K6T6, STM32C031K6U3, STM32C031K6U6, STM32G071K8TXN, STM32G071K8UXN, STM32G081GBU6N, STM32G081KBT6N, STM32G081KBUXN, STM32G0B1CCT6N, STM32G0B1KCT6, STM32G0B1NEY6TR, STM32G0B1RCT6N, STM32G0C1CCT6, STM32G0C1CCT6N, STM32G0C1CCU6N, STM32G0C1CET6N, STM32G0C1CEU6N, STM32G0C1KCT6, STM32G0C1NEY6TR, STM32G0C1RCI6N, STM32G0C1RCT6N, STM32G0C1REI6N, STM32G0C1RET6N, STM32G0C1VCI6, STM32G0C1VEI6, STM32G471CCT6, STM32G471CCU6, STM32G471CET3, STM32G471CET6, STM32G471CEU3, STM32G471CEU6, STM32G471MCT6, STM32G471MET3, STM32G471MET6, STM32G471MEY6TR, STM32G471QCT6, STM32G471QET3, STM32G471RCT6, STM32G471RET3, STM32G471RET6, STM32G471VCH6, STM32G471VCI6, STM32G471VCT6, STM32G471VEH3, STM32G471VEH6, STM32G471VEI3, STM32G471VEI6, STM32G471VET3, STM32G471VET6, STM32G474CCT6, STM32L476VGY6PTR, STM32L4R5QGI6STR, STM32MP131AAE3, STM32MP131AAF3, STM32MP131AAG3, STM32MP131CAE3, STM32MP131CAF3, STM32MP131CAG3, STM32MP131DAE7, STM32MP131DAF7, STM32MP131DAG7, STM32MP131FAE7, STM32MP131FAF7, STM32MP131FAG7, STM32MP133AAE3, STM32MP133AAF3, STM32MP133AAG3, STM32MP133CAE3, STM32MP133CAF3, STM32MP133CAG3, STM32MP133DAE7, STM32MP133DAF7, STM32MP133DAG7, STM32MP133FAE7, STM32MP133FAF7, STM32MP133FAG7, STM32MP135AAE3, STM32MP135AAF3, STM32MP135AAG3, STM32MP135CAE3, STM32MP135CAF3, STM32MP135CAG3, STM32MP135DAE7, STM32MP135DAF7, STM32MP135DAG7, STM32MP135F-DK, STM32MP135FAE7, STM32MP135FAF7, STM32MP135FAF7T, STM32MP135FAF7U, STM32MP135FAG7, STM32U595ZJT6Q, STM32U599BJY6QTR, STM32U599NIH6Q, STM32U599NJH6Q, STM32U5A5ZJT6Q, STM32U5A9BJY6QTR, STM32U5A9NJH6Q, STM32WB1MMCH6, STM32WL5MOCH6TR]
2023-01-03 11:47:41,124 [INFO] BoardInfo:879 - No configuration file found for board P-NUCLEO-WB55
2023-01-03 11:47:41,125 [INFO] DbBoards:156 - Kit is not supported: P-NUCLEO-WB55
2023-01-03 11:47:41,144 [INFO] BoardInfo:879 - No configuration file found for board STEVAL-BFA001V1B
2023-01-03 11:47:41,144 [INFO] DbBoards:156 - Kit is not supported: STEVAL-BFA001V1B
2023-01-03 11:47:41,146 [INFO] BoardInfo:879 - No configuration file found for board STEVAL-BFA001V2B
2023-01-03 11:47:41,146 [INFO] DbBoards:156 - Kit is not supported: STEVAL-BFA001V2B
2023-01-03 11:47:41,305 [INFO] DbBoards:160 - Found 179 boards, 176 are supported
2023-01-03 11:47:41,312 [INFO] ApiDb:413 - User favorites file not found: C:\Users\hamxa/.stm32cubeide/favorites.boards.txt
2023-01-03 11:47:41,313 [INFO] DbBoards:189 - Set 0 / 0 favorites Boards
2023-01-03 11:47:44,503 [INFO] ServerAccessManage:474 - Download File STMicroelectronics.X-CUBE-NFC7.pdsc
2023-01-03 11:47:45,671 [INFO] ServerAccessManage:474 - Download File STMicroelectronics.X-CUBE-SFXS2LP1.pdsc
2023-01-03 11:47:47,796 [INFO] ServerAccessManage:474 - Download File STMicroelectronics.X-CUBE-SUBG2.pdsc
2023-01-03 11:47:52,608 [INFO] ServerAccessManage:474 - Download File STMicroelectronics.X-CUBE-TOF1.pdsc
2023-01-03 11:47:55,292 [ERROR] ServerAccessManage:1090 - Problem, file not found on Server
2023-01-03 11:47:55,886 [INFO] ServerAccessManage:474 - Download File STMicroelectronics.X-CUBE-TOUCHGFX.pdsc
2023-01-03 11:47:58,642 [INFO] ServerAccessManage:474 - Download File STMicroelectronics.X-CUBE-ALGOBUILD.pdsc
2023-01-03 11:48:01,655 [INFO] ServerAccessManage:474 - Download File STMicroelectronics.X-CUBE-AZRTOS-H7.pdsc
2023-01-03 11:48:03,503 [INFO] ServerAccessManage:474 - Download File STMicroelectronics.X-CUBE-AZRTOS-F4.pdsc
2023-01-03 11:48:05,069 [INFO] ServerAccessManage:474 - Download File STMicroelectronics.X-CUBE-AZRTOS-F7.pdsc
2023-01-03 11:48:06,706 [INFO] ServerAccessManage:474 - Download File STMicroelectronics.X-CUBE-AZRTOS-L4.pdsc
2023-01-03 11:48:07,603 [INFO] ServerAccessManage:474 - Download File STMicroelectronics.X-CUBE-AZRTOS-L5.pdsc
2023-01-03 11:48:08,401 [INFO] ServerAccessManage:474 - Download File STMicroelectronics.X-CUBE-AZRTOS-G0.pdsc
2023-01-03 11:48:10,070 [INFO] ServerAccessManage:474 - Download File STMicroelectronics.X-CUBE-AZRTOS-G4.pdsc
2023-01-03 11:48:11,112 [INFO] ServerAccessManage:474 - Download File STMicroelectronics.X-CUBE-AZRTOS-WB.pdsc
2023-01-03 11:48:11,944 [INFO] ServerAccessManage:474 - Download File STMicroelectronics.X-CUBE-AZRTOS-WL.pdsc
2023-01-03 11:48:13,595 [INFO] ServerAccessManage:474 - Download File wolfSSL.I-CUBE-wolfSSL.pdsc
2023-01-03 11:48:19,535 [ERROR] ServerAccessManage:1090 - Problem, file not found on Server
2023-01-03 11:48:20,193 [ERROR] ServerAccessManage:1090 - Problem, file not found on Server
2023-01-03 11:48:20,841 [ERROR] ServerAccessManage:1090 - Problem, file not found on Server
2023-01-03 11:48:23,072 [INFO] ServerAccessManage:474 - Download File RoweBots.I-CUBE-UNISONRTOS.pdsc
2023-01-03 11:48:24,218 [ERROR] ServerAccessManage:1090 - Problem, file not found on Server
2023-01-03 11:48:24,812 [ERROR] ServerAccessManage:1090 - Problem, file not found on Server
2023-01-03 11:48:25,509 [ERROR] ServerAccessManage:1090 - Problem, file not found on Server
2023-01-03 11:48:26,103 [ERROR] ServerAccessManage:1090 - Problem, file not found on Server
2023-01-03 11:48:36,112 [ERROR] ServerAccessManage:1147 - Warning during Server Connection :  Unknown host download.segger.com
2023-01-03 11:48:36,113 [ERROR] ServerAccessManage:652 - Unknown host server name. : SEGGER.I-CUBE-embOS.pdsc.
2023-01-03 11:48:37,501 [INFO] ServerAccessManage:474 - Download File portGmbH.I-Cube-SoM-uGOAL.pdsc
2023-01-03 11:48:39,039 [ERROR] ServerAccessManage:1090 - Problem, file not found on Server
2023-01-03 11:48:39,189 [ERROR] ServerAccessManage:1090 - Problem, file not found on Server
2023-01-03 11:48:39,339 [ERROR] ServerAccessManage:1090 - Problem, file not found on Server
2023-01-03 11:48:41,193 [INFO] ServerAccessManage:474 - Download File emotas.I-CUBE-CANOPEN.pdsc
2023-01-03 11:48:42,031 [WARN] CheckServerUpdateThread:150 - Open CheckUpdateFile Fail
2023-01-03 11:48:42,034 [WARN] PackLoader:242 - Cannot read IP mode file for STMicroelectronics.FP-ATR-ASTRA1.1.1.1
2023-01-03 11:48:42,044 [WARN] PackLoader:242 - Cannot read IP mode file for STMicroelectronics.FP-ATR-SIGFOX1.3.2.0
2023-01-03 11:48:42,051 [WARN] PackLoader:242 - Cannot read IP mode file for STMicroelectronics.X-CUBE-AI.7.3.0
2023-01-03 11:48:42,064 [WARN] PackLoader:242 - Cannot read IP mode file for STMicroelectronics.X-CUBE-ALS.1.0.1
2023-01-03 11:48:42,074 [WARN] PackLoader:242 - Cannot read IP mode file for STMicroelectronics.X-CUBE-BLE1.6.2.4
2023-01-03 11:48:42,085 [WARN] PackLoader:242 - Cannot read IP mode file for STMicroelectronics.X-CUBE-BLE2.3.3.0
2023-01-03 11:48:42,100 [WARN] PackLoader:242 - Cannot read IP mode file for STMicroelectronics.X-CUBE-BLEMGR.1.3.0
2023-01-03 11:48:42,116 [WARN] PackLoader:242 - Cannot read IP mode file for STMicroelectronics.X-CUBE-DISPLAY.2.2.0
2023-01-03 11:48:42,129 [WARN] PackLoader:242 - Cannot read IP mode file for STMicroelectronics.X-CUBE-EEPRMA1.4.1.0
2023-01-03 11:48:42,139 [WARN] PackLoader:242 - Cannot read IP mode file for STMicroelectronics.X-CUBE-GNSS1.6.0.0
2023-01-03 11:48:42,150 [WARN] PackLoader:242 - Cannot read IP mode file for STMicroelectronics.X-CUBE-ISPU.1.1.0
2023-01-03 11:48:42,176 [INFO] CheckServerUpdateThread:119 - End of CheckServer Thread
2023-01-03 11:48:42,233 [WARN] PackLoader:242 - Cannot read IP mode file for STMicroelectronics.X-CUBE-MEMS1.9.4.0
2023-01-03 11:48:42,507 [WARN] PackLoader:242 - Cannot read IP mode file for STMicroelectronics.X-CUBE-NFC4.2.0.5
2023-01-03 11:48:42,514 [WARN] PackLoader:242 - Cannot read IP mode file for STMicroelectronics.X-CUBE-NFC7.1.0.0
2023-01-03 11:48:42,522 [WARN] PackLoader:242 - Cannot read IP mode file for STMicroelectronics.X-CUBE-SFXS2LP1.4.0.0
2023-01-03 11:48:42,542 [WARN] PackLoader:242 - Cannot read IP mode file for STMicroelectronics.X-CUBE-SUBG2.5.0.0
2023-01-03 11:48:42,563 [WARN] PackLoader:242 - Cannot read IP mode file for STMicroelectronics.X-CUBE-TOF1.3.2.0
2023-01-03 11:48:42,576 [WARN] PackLoader:242 - Cannot read IP mode file for STMicroelectronics.X-CUBE-TOUCHGFX.4.21.0
2023-01-03 11:48:42,583 [WARN] PackLoader:242 - Cannot read IP mode file for STMicroelectronics.X-CUBE-ALGOBUILD.1.3.0
2023-01-03 11:48:42,607 [WARN] PackLoader:242 - Cannot read IP mode file for STMicroelectronics.X-CUBE-AZRTOS-H7.3.0.0
2023-01-03 11:48:42,631 [WARN] PackLoader:242 - Cannot read IP mode file for STMicroelectronics.X-CUBE-AZRTOS-F4.1.1.0
2023-01-03 11:48:42,676 [WARN] PackLoader:242 - Cannot read IP mode file for STMicroelectronics.X-CUBE-AZRTOS-F7.1.1.0
2023-01-03 11:48:42,700 [WARN] PackLoader:242 - Cannot read IP mode file for STMicroelectronics.X-CUBE-AZRTOS-L4.1.0.0
2023-01-03 11:48:42,751 [WARN] PackLoader:242 - Cannot read IP mode file for STMicroelectronics.X-CUBE-AZRTOS-L5.1.1.0
2023-01-03 11:48:42,777 [WARN] PackLoader:242 - Cannot read IP mode file for STMicroelectronics.X-CUBE-AZRTOS-G0.1.1.0
2023-01-03 11:48:42,798 [WARN] PackLoader:242 - Cannot read IP mode file for STMicroelectronics.X-CUBE-AZRTOS-G4.1.0.0
2023-01-03 11:48:42,827 [WARN] PackLoader:242 - Cannot read IP mode file for STMicroelectronics.X-CUBE-AZRTOS-WB.1.1.0
2023-01-03 11:48:42,844 [WARN] PackLoader:242 - Cannot read IP mode file for STMicroelectronics.X-CUBE-AZRTOS-WL.1.0.0
2023-01-03 11:48:42,853 [WARN] PackLoader:242 - Cannot read IP mode file for wolfSSL.I-CUBE-wolfSSL.5.5.4
2023-01-03 11:48:42,862 [WARN] PackLoader:242 - Cannot read IP mode file for RoweBots.I-CUBE-UNISONRTOS.5.5.0-4
2023-01-03 11:48:42,869 [WARN] PackLoader:242 - Cannot read IP mode file for portGmbH.I-Cube-SoM-uGOAL.1.1.0
2023-01-03 11:48:42,880 [WARN] PackLoader:242 - Cannot read IP mode file for emotas.I-CUBE-CANOPEN.1.1.3
2023-01-03 11:48:42,880 [INFO] PopulateThirdPartyThread:64 - Ending populate Thread
2023-01-03 11:48:42,887 [INFO] ThirdParty:999 - CMSIS Pack Vendor :STMicroelectronics X-CUBE-ISPU 1.1.0
2023-01-03 11:48:42,887 [INFO] ThirdParty:999 - CMSIS Pack Vendor :RoweBots I-CUBE-UNISONRTOS 5.5.0-4
2023-01-03 11:48:42,888 [INFO] ThirdParty:999 - CMSIS Pack Vendor :STMicroelectronics X-CUBE-BLEMGR 1.3.0
2023-01-03 11:48:42,888 [INFO] ThirdParty:999 - CMSIS Pack Vendor :STMicroelectronics X-CUBE-GNSS1 6.0.0
2023-01-03 11:48:42,888 [INFO] ThirdParty:999 - CMSIS Pack Vendor :STMicroelectronics X-CUBE-AZRTOS-F4 1.1.0
2023-01-03 11:48:42,888 [INFO] ThirdParty:999 - CMSIS Pack Vendor :STMicroelectronics FP-ATR-SIGFOX1 3.2.0
2023-01-03 11:48:42,888 [INFO] ThirdParty:999 - CMSIS Pack Vendor :STMicroelectronics X-CUBE-AZRTOS-G4 1.0.0
2023-01-03 11:48:42,888 [INFO] ThirdParty:999 - CMSIS Pack Vendor :wolfSSL I-CUBE-wolfSSL 5.5.4
2023-01-03 11:48:42,888 [INFO] ThirdParty:999 - CMSIS Pack Vendor :STMicroelectronics X-CUBE-AZRTOS-L4 1.0.0
2023-01-03 11:48:42,888 [INFO] ThirdParty:999 - CMSIS Pack Vendor :STMicroelectronics X-CUBE-NFC7 1.0.0
2023-01-03 11:48:42,888 [INFO] ThirdParty:999 - CMSIS Pack Vendor :STMicroelectronics X-CUBE-TOUCHGFX 4.21.0
2023-01-03 11:48:42,888 [INFO] ThirdParty:999 - CMSIS Pack Vendor :STMicroelectronics X-CUBE-AZRTOS-WL 1.0.0
2023-01-03 11:48:42,888 [INFO] ThirdParty:999 - CMSIS Pack Vendor :STMicroelectronics X-CUBE-AZRTOS-F7 1.1.0
2023-01-03 11:48:42,888 [INFO] ThirdParty:999 - CMSIS Pack Vendor :STMicroelectronics X-CUBE-MEMS1 9.4.0
2023-01-03 11:48:42,889 [INFO] ThirdParty:999 - CMSIS Pack Vendor :STMicroelectronics X-CUBE-ALS 1.0.1
2023-01-03 11:48:42,889 [INFO] ThirdParty:999 - CMSIS Pack Vendor :STMicroelectronics X-CUBE-EEPRMA1 4.1.0
2023-01-03 11:48:42,889 [INFO] ThirdParty:999 - CMSIS Pack Vendor :portGmbH I-Cube-SoM-uGOAL 1.1.0
2023-01-03 11:48:42,889 [INFO] ThirdParty:999 - CMSIS Pack Vendor :STMicroelectronics X-CUBE-AI 7.3.0
2023-01-03 11:48:42,889 [INFO] ThirdParty:999 - CMSIS Pack Vendor :STMicroelectronics X-CUBE-AZRTOS-WB 1.1.0
2023-01-03 11:48:42,889 [INFO] ThirdParty:999 - CMSIS Pack Vendor :STMicroelectronics X-CUBE-ALGOBUILD 1.3.0
2023-01-03 11:48:42,889 [INFO] ThirdParty:999 - CMSIS Pack Vendor :STMicroelectronics X-CUBE-BLE1 6.2.4
2023-01-03 11:48:42,889 [INFO] ThirdParty:999 - CMSIS Pack Vendor :STMicroelectronics X-CUBE-AZRTOS-L5 1.1.0
2023-01-03 11:48:42,889 [INFO] ThirdParty:999 - CMSIS Pack Vendor :STMicroelectronics X-CUBE-AZRTOS-G0 1.1.0
2023-01-03 11:48:42,889 [INFO] ThirdParty:999 - CMSIS Pack Vendor :emotas I-CUBE-CANOPEN 1.1.3
2023-01-03 11:48:42,889 [INFO] ThirdParty:999 - CMSIS Pack Vendor :STMicroelectronics X-CUBE-SUBG2 5.0.0
2023-01-03 11:48:42,890 [INFO] ThirdParty:999 - CMSIS Pack Vendor :STMicroelectronics X-CUBE-SFXS2LP1 4.0.0
2023-01-03 11:48:42,890 [INFO] ThirdParty:999 - CMSIS Pack Vendor :STMicroelectronics X-CUBE-BLE2 3.3.0
2023-01-03 11:48:42,890 [INFO] ThirdParty:999 - CMSIS Pack Vendor :STMicroelectronics X-CUBE-NFC4 2.0.5
2023-01-03 11:48:42,890 [INFO] ThirdParty:999 - CMSIS Pack Vendor :STMicroelectronics X-CUBE-DISPLAY 2.2.0
2023-01-03 11:48:42,890 [INFO] ThirdParty:999 - CMSIS Pack Vendor :STMicroelectronics X-CUBE-TOF1 3.2.0
2023-01-03 11:48:42,890 [INFO] ThirdParty:999 - CMSIS Pack Vendor :STMicroelectronics FP-ATR-ASTRA1 1.1.1
2023-01-03 11:48:42,890 [INFO] ThirdParty:999 - CMSIS Pack Vendor :STMicroelectronics X-CUBE-AZRTOS-H7 3.0.0
2023-01-03 11:48:42,897 [INFO] LoadServerUpdatesThread:367 - End of LoadServerUpdate Thread
2023-01-03 11:53:53,145 [INFO] McuFinderGlobals:65 - Set McuFinderConnectedMode to true
2023-01-03 11:53:53,900 [INFO] ApiDb:447 - Save user favorites file C:\Users\hamxa/.stm32cubeide/favorites.mcus.txt: 0 item(s)
2023-01-03 11:53:53,901 [INFO] ApiDb:451 - User favorites MCUs=[]
2023-01-03 11:53:54,386 [ERROR] LogOutputStream:74 - [STDERR_REDIRECT] Exception in thread "AWT-EventQueue-0" java.lang.NullPointerException
2023-01-03 11:53:54,388 [ERROR] LogOutputStream:74 - [STDERR_REDIRECT] 	at com.st.stm32cube.common.mx.targetselector.TargetSelectorAdapter$7.run(TargetSelectorAdapter.java:352)
2023-01-03 11:53:54,391 [ERROR] LogOutputStream:74 - [STDERR_REDIRECT] 	at com.st.stm32cube.common.mx.oss.core.awtswtbridge.AwtEnvironment$2.run(AwtEnvironment.java:166)
2023-01-03 11:53:54,393 [ERROR] LogOutputStream:74 - [STDERR_REDIRECT] 	at java.desktop/java.awt.event.InvocationEvent.dispatch(InvocationEvent.java:313)
2023-01-03 11:53:54,402 [ERROR] LogOutputStream:74 - [STDERR_REDIRECT] 	at java.desktop/java.awt.EventQueue.dispatchEventImpl(EventQueue.java:770)
2023-01-03 11:53:54,403 [ERROR] LogOutputStream:74 - [STDERR_REDIRECT] 	at java.desktop/java.awt.EventQueue$4.run(EventQueue.java:721)
2023-01-03 11:53:54,406 [ERROR] LogOutputStream:74 - [STDERR_REDIRECT] 	at java.desktop/java.awt.EventQueue$4.run(EventQueue.java:715)
2023-01-03 11:53:54,408 [ERROR] LogOutputStream:74 - [STDERR_REDIRECT] 	at java.base/java.security.AccessController.doPrivileged(Native Method)
2023-01-03 11:53:54,416 [ERROR] LogOutputStream:74 - [STDERR_REDIRECT] 	at java.base/java.security.ProtectionDomain$JavaSecurityAccessImpl.doIntersectionPrivilege(ProtectionDomain.java:85)
2023-01-03 11:53:54,419 [ERROR] LogOutputStream:74 - [STDERR_REDIRECT] 	at java.desktop/java.awt.EventQueue.dispatchEvent(EventQueue.java:740)
2023-01-03 11:53:54,421 [ERROR] LogOutputStream:74 - [STDERR_REDIRECT] 	at java.desktop/java.awt.EventDispatchThread.pumpOneEventForFilters(EventDispatchThread.java:203)
2023-01-03 11:53:54,424 [ERROR] LogOutputStream:74 - [STDERR_REDIRECT] 	at java.desktop/java.awt.EventDispatchThread.pumpEventsForFilter(EventDispatchThread.java:124)
2023-01-03 11:53:54,426 [ERROR] LogOutputStream:74 - [STDERR_REDIRECT] 	at java.desktop/java.awt.EventDispatchThread.pumpEventsForHierarchy(EventDispatchThread.java:113)
2023-01-03 11:53:54,429 [ERROR] LogOutputStream:74 - [STDERR_REDIRECT] 	at java.desktop/java.awt.EventDispatchThread.pumpEvents(EventDispatchThread.java:109)
2023-01-03 11:53:54,436 [ERROR] LogOutputStream:74 - [STDERR_REDIRECT] 	at java.desktop/java.awt.EventDispatchThread.pumpEvents(EventDispatchThread.java:101)
2023-01-03 11:53:54,439 [ERROR] LogOutputStream:74 - [STDERR_REDIRECT] 	at java.desktop/java.awt.EventDispatchThread.run(EventDispatchThread.java:90)
2023-01-03 11:53:57,916 [INFO] JxBrowserEngine:114 - Initiate JxBrowser Engine with user profile folder
2023-01-03 11:54:05,138 [INFO] WebAppUi:459 - Close the Jxbrowser engine manually
2023-01-03 11:54:05,195 [INFO] WebAppUi:462 - Profiles folder deleted
2023-01-03 11:54:05,650 [ERROR] LogOutputStream:74 - [STDERR_REDIRECT] 
